<?xml version="1.0" encoding="utf-8"?><testsuites name="pytest tests"><testsuite name="pytest" errors="0" failures="0" skipped="0" tests="25" time="4.833" timestamp="2026-04-21T14:01:56.894612+00:00" hostname="agent-env-92b38c1d-8f2f-4e99-86af-0370c2a1494d"><testcase classname="tests.backend_test.TestAuth" name="test_login_success_sets_cookies" time="1.129" /><testcase classname="tests.backend_test.TestAuth" name="test_login_wrong_password" time="0.343" /><testcase classname="tests.backend_test.TestAuth" name="test_me_requires_cookie" time="0.120" /><testcase classname="tests.backend_test.TestAuth" name="test_me_returns_user" time="0.399" /><testcase classname="tests.backend_test.TestUsers" name="test_admin_can_list_users" time="0.053" /><testcase classname="tests.backend_test.TestUsers" name="test_sales_cannot_list_users" time="0.666" /><testcase classname="tests.backend_test.TestUsers" name="test_sales_cannot_create_user" time="0.046" /><testcase classname="tests.backend_test.TestUsers" name="test_admin_crud_user_lifecycle" time="0.395" /><testcase classname="tests.backend_test.TestCustomers" name="test_list_customers" time="0.099" /><testcase classname="tests.backend_test.TestCustomers" name="test_search_filter" time="0.054" /><testcase classname="tests.backend_test.TestCustomers" name="test_update_customer" time="0.097" /><testcase classname="tests.backend_test.TestCustomers" name="test_customer_quotes_endpoint" time="0.055" /><testcase classname="tests.backend_test.TestProducts" name="test_products_count" time="0.057" /><testcase classname="tests.backend_test.TestProducts" name="test_products_search" time="0.054" /><testcase classname="tests.backend_test.TestQuotes" name="test_stats" time="0.062" /><testcase classname="tests.backend_test.TestQuotes" name="test_create_quote_and_totals" time="0.048" /><testcase classname="tests.backend_test.TestQuotes" name="test_list_with_filters" time="0.052" /><testcase classname="tests.backend_test.TestQuotes" name="test_update_recomputes_totals" time="0.049" /><testcase classname="tests.backend_test.TestQuotes" name="test_revise" time="0.051" /><testcase classname="tests.backend_test.TestQuotes" name="test_email_missing_resend_key" time="0.053" /><testcase classname="tests.backend_test.TestQuotes" name="test_email_with_fake_key_errors" time="0.375" /><testcase classname="tests.backend_test.TestQuotes" name="test_delete_quote" time="0.108" /><testcase classname="tests.backend_test.TestSettings" name="test_admin_gets_full_settings" time="0.048" /><testcase classname="tests.backend_test.TestSettings" name="test_sales_gets_sanitized" time="0.058" /><testcase classname="tests.backend_test.TestSettings" name="test_sales_cannot_update" time="0.154" /></testsuite></testsuites>